<?xml version="1.0" encoding="UTF-8"?>
<testsuite name="UserDAOTest" tests="3" skipped="0" failures="0" errors="0" timestamp="2024-11-18T03:05:11" hostname="SURFACE" time="0.632">
  <properties/>
  <testcase name="testNullUpdateUser()" classname="UserDAOTest" time="0.031"/>
  <testcase name="testReadUserWithZeroIndex()" classname="UserDAOTest" time="0.596"/>
  <testcase name="testCreateNullUser()" classname="UserDAOTest" time="0.001"/>
  <system-out><![CDATA[]]></system-out>
  <system-err><![CDATA[]]></system-err>
</testsuite>
